Loading python/3.10.8-gpu
  Loading requirement: nvidia/nvhpc-nompi/22.2 gcc/10.2.0
    openmpi/4.1.6-cuda-11.6
ActorNetwork(
  (actor): Sequential(
    (0): Linear(in_features=7, out_features=256, bias=True)
    (1): ReLU()
    (2): Linear(in_features=256, out_features=256, bias=True)
    (3): ReLU()
    (4): Linear(in_features=256, out_features=27, bias=True)
    (5): Softmax(dim=-1)
  )
) 
 
 CriticNetwork(
  (critic): Sequential(
    (0): Linear(in_features=7, out_features=256, bias=True)
    (1): ReLU()
    (2): Linear(in_features=256, out_features=256, bias=True)
    (3): ReLU()
    (4): Linear(in_features=256, out_features=1, bias=True)
  )
) 

episode: 1/2, episode end value: 144.78, duration: 0:00:09.431250
episode: 2/2, episode end value: 111.60, duration: 0:00:00.806919

CPU Memory Usage: 1863.5625 MB
GPU Utilisation: 14 %
Total GPU Memory: 16384.0 MB
Used GPU Memory: 1167.8125 MB
... saving models ...
