Loading python/3.10.8-gpu
  Loading requirement: nvidia/nvhpc-nompi/22.2 gcc/10.2.0
    openmpi/4.1.6-cuda-11.6

 ==================== 

PPO Trader - Training Mode

 ==================== 

Using device: cuda:0 

ActorNetwork(
  (actor): Sequential(
    (0): Linear(in_features=7, out_features=32, bias=True)
    (1): ReLU()
    (2): Linear(in_features=32, out_features=32, bias=True)
    (3): ReLU()
    (4): Linear(in_features=32, out_features=27, bias=True)
    (5): Softmax(dim=-1)
  )
) 
 
 CriticNetwork(
  (critic): Sequential(
    (0): Linear(in_features=7, out_features=32, bias=True)
    (1): ReLU()
    (2): Linear(in_features=32, out_features=32, bias=True)
    (3): ReLU()
    (4): Linear(in_features=32, out_features=1, bias=True)
  )
) 


Hyperparameters:
Mode: train
Number of episodes: 100
Number of stocks: 3
Initial investment ($): 100000
Transaction cost rate: 0.02
Steps between learning updates (N) (training): 128
Discount factor (gamma): 0.99
Learning rate (alpha) (training): 0.0003
GAE lambda: 0.95
Policy clip (training): 0.2
Batch size (training): 32
Number of epochs (training): 4
Random seed: 18642


episode: 1/100, episode end value (USD): 91.12, duration (seconds): 1.886585
episode: 2/100, episode end value (USD): 76.46, duration (seconds): 1.278636
episode: 3/100, episode end value (USD): 73.90, duration (seconds): 1.27616
episode: 4/100, episode end value (USD): 78.38, duration (seconds): 1.279255
episode: 5/100, episode end value (USD): 136.20, duration (seconds): 1.285739
episode: 6/100, episode end value (USD): 102.74, duration (seconds): 1.280491
episode: 7/100, episode end value (USD): 107.64, duration (seconds): 1.290051
episode: 8/100, episode end value (USD): 77.98, duration (seconds): 1.292651
episode: 9/100, episode end value (USD): 104.62, duration (seconds): 1.29103
episode: 10/100, episode end value (USD): 88.62, duration (seconds): 1.28502
episode: 11/100, episode end value (USD): 89.81, duration (seconds): 1.30041
episode: 12/100, episode end value (USD): 112.71, duration (seconds): 1.296661
episode: 13/100, episode end value (USD): 107.10, duration (seconds): 1.298546
episode: 14/100, episode end value (USD): 68.21, duration (seconds): 1.299954
episode: 15/100, episode end value (USD): 51.65, duration (seconds): 1.286341
episode: 16/100, episode end value (USD): 97.06, duration (seconds): 1.296883
episode: 17/100, episode end value (USD): 71.41, duration (seconds): 1.295413
episode: 18/100, episode end value (USD): 110.68, duration (seconds): 1.289189
episode: 19/100, episode end value (USD): 163.36, duration (seconds): 1.291055
episode: 20/100, episode end value (USD): 166.67, duration (seconds): 1.294827
episode: 21/100, episode end value (USD): 90.13, duration (seconds): 1.295573
episode: 22/100, episode end value (USD): 146.24, duration (seconds): 1.293235
episode: 23/100, episode end value (USD): 198.17, duration (seconds): 1.29978
episode: 24/100, episode end value (USD): 79.22, duration (seconds): 1.290338
episode: 25/100, episode end value (USD): 149.24, duration (seconds): 1.290173
episode: 26/100, episode end value (USD): 388.21, duration (seconds): 1.299495
episode: 27/100, episode end value (USD): 502.73, duration (seconds): 1.296607
episode: 28/100, episode end value (USD): 252.36, duration (seconds): 1.293296
episode: 29/100, episode end value (USD): 479.29, duration (seconds): 1.286074
episode: 30/100, episode end value (USD): 1376.34, duration (seconds): 1.303664
episode: 31/100, episode end value (USD): 698.59, duration (seconds): 1.300653
episode: 32/100, episode end value (USD): 1020.14, duration (seconds): 1.30593
episode: 33/100, episode end value (USD): 1410.70, duration (seconds): 1.309342
episode: 34/100, episode end value (USD): 922.78, duration (seconds): 1.306215
episode: 35/100, episode end value (USD): 872.20, duration (seconds): 1.309075
episode: 36/100, episode end value (USD): 559.98, duration (seconds): 1.280569
episode: 37/100, episode end value (USD): 968.78, duration (seconds): 1.274153
episode: 38/100, episode end value (USD): 2521.21, duration (seconds): 1.288097
episode: 39/100, episode end value (USD): 1654.65, duration (seconds): 1.281484
episode: 40/100, episode end value (USD): 11127.35, duration (seconds): 1.284907
episode: 41/100, episode end value (USD): 6212.55, duration (seconds): 1.279748
episode: 42/100, episode end value (USD): 7057.61, duration (seconds): 1.290776
episode: 43/100, episode end value (USD): 5024.89, duration (seconds): 1.291096
episode: 44/100, episode end value (USD): 57517.01, duration (seconds): 1.272238
episode: 45/100, episode end value (USD): 179267.26, duration (seconds): 1.26157
episode: 46/100, episode end value (USD): 297150.06, duration (seconds): 1.245084
episode: 47/100, episode end value (USD): 279485.15, duration (seconds): 1.246382
episode: 48/100, episode end value (USD): 308334.49, duration (seconds): 1.245673
episode: 49/100, episode end value (USD): 281880.88, duration (seconds): 1.23938
episode: 50/100, episode end value (USD): 170789.17, duration (seconds): 1.233459
episode: 51/100, episode end value (USD): 97395.34, duration (seconds): 1.238534
episode: 52/100, episode end value (USD): 106305.89, duration (seconds): 1.248442
episode: 53/100, episode end value (USD): 260328.66, duration (seconds): 1.242317
episode: 54/100, episode end value (USD): 99645.32, duration (seconds): 1.237453
episode: 55/100, episode end value (USD): 100000.00, duration (seconds): 1.235352
episode: 56/100, episode end value (USD): 100000.00, duration (seconds): 1.245372
episode: 57/100, episode end value (USD): 290134.92, duration (seconds): 1.244778
episode: 58/100, episode end value (USD): 100000.00, duration (seconds): 1.232109
episode: 59/100, episode end value (USD): 100000.00, duration (seconds): 1.231237
episode: 60/100, episode end value (USD): 100000.00, duration (seconds): 1.239253
episode: 61/100, episode end value (USD): 100000.00, duration (seconds): 1.249185
episode: 62/100, episode end value (USD): 100000.00, duration (seconds): 1.240411
episode: 63/100, episode end value (USD): 100000.00, duration (seconds): 1.236939
episode: 64/100, episode end value (USD): 100000.00, duration (seconds): 1.237477
episode: 65/100, episode end value (USD): 100000.00, duration (seconds): 1.237586
episode: 66/100, episode end value (USD): 100000.00, duration (seconds): 1.235336
episode: 67/100, episode end value (USD): 120545.74, duration (seconds): 1.240713
episode: 68/100, episode end value (USD): 153967.22, duration (seconds): 1.23716
episode: 69/100, episode end value (USD): 100000.00, duration (seconds): 1.232137
episode: 70/100, episode end value (USD): 100000.00, duration (seconds): 1.224247
episode: 71/100, episode end value (USD): 100000.00, duration (seconds): 1.235755
episode: 72/100, episode end value (USD): 100000.00, duration (seconds): 1.233348
episode: 73/100, episode end value (USD): 100000.00, duration (seconds): 1.232477
episode: 74/100, episode end value (USD): 100000.00, duration (seconds): 1.237467
episode: 75/100, episode end value (USD): 100000.00, duration (seconds): 1.230589
episode: 76/100, episode end value (USD): 100000.00, duration (seconds): 1.246138
episode: 77/100, episode end value (USD): 100000.00, duration (seconds): 1.247638
episode: 78/100, episode end value (USD): 100000.00, duration (seconds): 1.244212
episode: 79/100, episode end value (USD): 100000.00, duration (seconds): 1.245916
episode: 80/100, episode end value (USD): 100000.00, duration (seconds): 1.244355
episode: 81/100, episode end value (USD): 100000.00, duration (seconds): 1.252685
episode: 82/100, episode end value (USD): 100000.00, duration (seconds): 1.250854
episode: 83/100, episode end value (USD): 100000.00, duration (seconds): 1.264368
episode: 84/100, episode end value (USD): 100000.00, duration (seconds): 1.246428
episode: 85/100, episode end value (USD): 100000.00, duration (seconds): 1.251231
episode: 86/100, episode end value (USD): 100000.00, duration (seconds): 1.254089
episode: 87/100, episode end value (USD): 135296.07, duration (seconds): 1.258966
episode: 88/100, episode end value (USD): 100000.00, duration (seconds): 1.246332
episode: 89/100, episode end value (USD): 100000.00, duration (seconds): 1.24835
episode: 90/100, episode end value (USD): 100000.00, duration (seconds): 1.243162
episode: 91/100, episode end value (USD): 100000.00, duration (seconds): 1.244226
episode: 92/100, episode end value (USD): 100000.00, duration (seconds): 1.242588
episode: 93/100, episode end value (USD): 100000.00, duration (seconds): 1.229535
episode: 94/100, episode end value (USD): 100000.00, duration (seconds): 1.241785
episode: 95/100, episode end value (USD): 100000.00, duration (seconds): 1.237514
episode: 96/100, episode end value (USD): 100000.00, duration (seconds): 1.233304
episode: 97/100, episode end value (USD): 100000.00, duration (seconds): 1.234562
episode: 98/100, episode end value (USD): 100000.00, duration (seconds): 1.239058
episode: 99/100, episode end value (USD): 100000.00, duration (seconds): 1.239427
episode: 100/100, episode end value (USD): 100000.00, duration (seconds): 1.24352
... saving models ...

Portfolio key statistics:
Median portfolio value (USD): 100000.00
Minimum portfolio value (USD): 51.65
Maximum portfolio value (USD): 308334.49

Total execution time (seconds): 128.294
