Loading python/3.10.8-gpu
  Loading requirement: nvidia/nvhpc-nompi/22.2 gcc/10.2.0
    openmpi/4.1.6-cuda-11.6
[DLProf-12:50:49] Creating Nsys Scheduler
[DLProf-12:50:51] RUNNING: nsys profile -t cuda,nvtx -s none --show-output=true --delay=3 --export=sqlite -o ./dlprof_output/nsys_profile python ppo_trader_dlprof.py -m train
Collecting data...
/work/mdisspt/mdisspt/n2134758/condaenvs/envs/env-pytorch-1.13.1-gpu/lib/python3.10/site-packages/torch/distributed/distributed_c10d.py:262: UserWarning: torch.distributed.reduce_op is deprecated, please use torch.distributed.ReduceOp instead
  warnings.warn(
Initializing NVTX monkey patches
Done with NVTX monkey patching
ActorNetwork(
  (actor): Sequential(
    (0): Linear(in_features=7, out_features=256, bias=True)
    (1): ReLU()
    (2): Linear(in_features=256, out_features=256, bias=True)
    (3): ReLU()
    (4): Linear(in_features=256, out_features=27, bias=True)
    (5): Softmax(dim=-1)
  )
) 
 
 CriticNetwork(
  (critic): Sequential(
    (0): Linear(in_features=7, out_features=256, bias=True)
    (1): ReLU()
    (2): Linear(in_features=256, out_features=256, bias=True)
    (3): ReLU()
    (4): Linear(in_features=256, out_features=1, bias=True)
  )
) 

episode: 1/2, episode end value: 79.89, duration: 0:02:13.493436
episode: 2/2, episode end value: 151.22, duration: 0:02:03.275203
... saving models ...
Processing events...
Capturing symbol files...
Saving temporary "/dev/shm/n2134758_5663923/nsys-report-9193-fc3b-bf54-e2ba.qdstrm" file to disk...

Creating final output files...
Import error: The importation timed out.
Skipping import of the QDSTRM file.
Report file moved to "/mnt/lustre/e1000/home/mdisspt/mdisspt/n2134758/s2134758/code/ppo/./dlprof_output/nsys_profile.qdstrm"

[DLProf-12:57:49] DLprof completed system call successfully
[DLProf-12:57:49] Error Occurred:
[DLProf-12:57:49] unable to open database file, file=<./dlprof_output/nsys_profile.sqlite>
