Loading python/3.10.8-gpu
  Loading requirement: nvidia/nvhpc-nompi/22.2 gcc/10.2.0
    openmpi/4.1.6-cuda-11.6
Collecting data...
ActorNetwork(
  (actor): Sequential(
    (0): Linear(in_features=7, out_features=256, bias=True)
    (1): ReLU()
    (2): Linear(in_features=256, out_features=256, bias=True)
    (3): ReLU()
    (4): Linear(in_features=256, out_features=27, bias=True)
    (5): Softmax(dim=-1)
  )
) 
 
 CriticNetwork(
  (critic): Sequential(
    (0): Linear(in_features=7, out_features=256, bias=True)
    (1): ReLU()
    (2): Linear(in_features=256, out_features=256, bias=True)
    (3): ReLU()
    (4): Linear(in_features=256, out_features=1, bias=True)
  )
) 

episode: 1/2, episode end value: 61.10, duration: 0:00:08.232613
episode: 2/2, episode end value: 111.98, duration: 0:00:01.217198
... saving models ...
Processing events...
terminate called after throwing an instance of 'boost::wrapexcept<QuadDCommon::NotFoundException>'
  what():  NotFoundException
srun: error: r2i4n1: task 0: Aborted (core dumped)
srun: launch/slurm: _step_signal: Terminating StepId=5691938.0
