Loading python/3.10.8-gpu
  Loading requirement: nvidia/nvhpc-nompi/22.2 gcc/10.2.0
    openmpi/4.1.6-cuda-11.6

 ==================== 

DQN Trader - Training Mode

 ==================== 

Using device: cuda:0 

MLP(
  (layers): Sequential(
    (0): Linear(in_features=7, out_features=32, bias=True)
    (1): ReLU()
    (2): Linear(in_features=32, out_features=27, bias=True)
  )
) 

episode: 1/2, episode end value: 2199.66, duration: 0:00:08.810664
episode: 2/2, episode end value: 70413.75, duration: 0:00:01.140658
... saving models ...

psutil Metrics:
CPU Memory Usage: 1932.121 MB
Number of Threads: 5

PyNVML Metrics:
GPU Memory Total: 16384.00 MB
GPU Memory Usage: 1177.31 MB
GPU Utilisation: 11 %
Power Usage: 64.72 W

 ==================== 

DQN Trader - Testing Mode

 ==================== 

Using device: cuda:0 

MLP(
  (layers): Sequential(
    (0): Linear(in_features=7, out_features=32, bias=True)
    (1): ReLU()
    (2): Linear(in_features=32, out_features=27, bias=True)
  )
) 

... loading models ...
episode: 1/2, episode end value: 26635.67, duration: 0:00:00.745806
episode: 2/2, episode end value: 20490.87, duration: 0:00:00.226410

psutil Metrics:
CPU Memory Usage: 1941.629 MB
Number of Threads: 4

PyNVML Metrics:
GPU Memory Total: 16384.00 MB
GPU Memory Usage: 1169.31 MB
GPU Utilisation: 5 %
Power Usage: 64.76 W
