Loading python/3.10.8-gpu
  Loading requirement: nvidia/nvhpc-nompi/22.2 gcc/10.2.0
    openmpi/4.1.6-cuda-11.6
Collecting data...
/work/mdisspt/mdisspt/n2134758/condaenvs/envs/env-pytorch-1.13.1-gpu/lib/python3.10/site-packages/torch/cuda/memory.py:395: FutureWarning: torch.cuda.memory_cached has been renamed to torch.cuda.memory_reserved
  warnings.warn(
Using device: cuda

Tesla V100-SXM2-16GB
Memory Usage:
Allocated: 0.0 GB
Cached:    0.0 GB
MLP(
  (layers): Sequential(
    (0): Linear(in_features=7, out_features=32, bias=True)
    (1): ReLU()
    (2): Linear(in_features=32, out_features=27, bias=True)
  )
)
episode: 1/10, episode end value: 1615.75, duration: 0:00:02.075287
episode: 2/10, episode end value: 31161.99, duration: 0:00:00.564430
episode: 3/10, episode end value: 22471.87, duration: 0:00:00.565627
episode: 4/10, episode end value: 47278.24, duration: 0:00:00.588304
episode: 5/10, episode end value: 22130.94, duration: 0:00:00.633209
episode: 6/10, episode end value: 28990.36, duration: 0:00:00.603450
episode: 7/10, episode end value: 28921.57, duration: 0:00:00.563902
episode: 8/10, episode end value: 32459.47, duration: 0:00:00.563094
episode: 9/10, episode end value: 24169.87, duration: 0:00:00.560695
episode: 10/10, episode end value: 21757.77, duration: 0:00:00.597599
Processing events...
Capturing symbol files...
Saving temporary "/dev/shm/n2134758_5691716/nsys-report-14b0-e0d4-d081-8277.qdstrm" file to disk...

Creating final output files...
Import error: The importation timed out.
Skipping import of the QDSTRM file.
Report file moved to "/mnt/lustre/e1000/home/mdisspt/mdisspt/n2134758/s2134758/code/dqn/prof1.qdstrm"

