Loading python/3.10.8-gpu
  Loading requirement: nvidia/nvhpc-nompi/22.2 gcc/10.2.0
    openmpi/4.1.6-cuda-11.6

 ==================== 

DQN Trader - Training Mode

 ==================== 

Using device: cpu 

MLP(
  (layers): Sequential(
    (0): Linear(in_features=7, out_features=32, bias=True)
    (1): ReLU()
    (2): Linear(in_features=32, out_features=27, bias=True)
  )
) 

episode: 1/2, episode end value: 2317.59, duration: 0:00:01.446397
episode: 2/2, episode end value: 22889.39, duration: 0:00:00.932327
... saving models ...

psutil Metrics:
CPU Memory Usage: 297.734 MB
Number of Threads: 3

 ==================== 

DQN Trader - Testing Mode

 ==================== 

Using device: cpu 

MLP(
  (layers): Sequential(
    (0): Linear(in_features=7, out_features=32, bias=True)
    (1): ReLU()
    (2): Linear(in_features=32, out_features=27, bias=True)
  )
) 

... loading models ...
episode: 1/2, episode end value: 20000.00, duration: 0:00:00.225442
episode: 2/2, episode end value: 20300.03, duration: 0:00:00.219084

psutil Metrics:
CPU Memory Usage: 293.613 MB
Number of Threads: 3
