Loading pytorch/1.13.1-gpu
  Loading requirement: nvidia/tensorrt/8.4.3.1-u2 gcc/8.2.0
    nvidia/nvhpc-nompi/22.2 nvidia/cudnn/8.6.0-cuda-11.6 openmpi/4.1.4-cuda-11.6
    python/3.10.8-gpu
/mnt/lustre/indy2lfs/sw/horovod/0.26.1-gpu/python/3.10.8/lib/python3.10/site-packages/torch/cuda/memory.py:395: FutureWarning: torch.cuda.memory_cached has been renamed to torch.cuda.memory_reserved
  warnings.warn(
Using device: cuda

Tesla V100-SXM2-16GB
Memory Usage:
Allocated: 0.0 GB
Cached:    0.0 GB
MLP(
  (layers): Sequential(
    (0): Linear(in_features=7, out_features=32, bias=True)
    (1): ReLU()
    (2): Linear(in_features=32, out_features=27, bias=True)
  )
)
episode: 1/10, episode end value: 25948.24, duration: 0:00:00.891741
episode: 2/10, episode end value: 31254.84, duration: 0:00:00.628453
episode: 3/10, episode end value: 19488.39, duration: 0:00:00.609794
episode: 4/10, episode end value: 21918.76, duration: 0:00:00.620590
episode: 5/10, episode end value: 29387.57, duration: 0:00:00.633326
episode: 6/10, episode end value: 27391.90, duration: 0:00:00.613300
episode: 7/10, episode end value: 30580.20, duration: 0:00:00.612139
episode: 8/10, episode end value: 30483.72, duration: 0:00:00.612699
episode: 9/10, episode end value: 32904.39, duration: 0:00:00.615070
episode: 10/10, episode end value: 30860.47, duration: 0:00:00.608573
