Loading pytorch/1.13.1-gpu
  Loading requirement: nvidia/cudnn/8.6.0-cuda-11.6 nvidia/tensorrt/8.4.3.1-u2
    gcc/8.2.0 nvidia/nvhpc-nompi/22.2 openmpi/4.1.4-cuda-11.6 python/3.10.8-gpu
    libsndfile/1.0.28
STAGE:2024-01-28 12:47:20 2415481:2415481 ActivityProfilerController.cpp:294] Completed Stage: Warm Up
STAGE:2024-01-28 12:47:40 2415481:2415481 ActivityProfilerController.cpp:300] Completed Stage: Collection
ActorNetwork(
  (actor): Sequential(
    (0): Linear(in_features=7, out_features=256, bias=True)
    (1): ReLU()
    (2): Linear(in_features=256, out_features=256, bias=True)
    (3): ReLU()
    (4): Linear(in_features=256, out_features=27, bias=True)
    (5): Softmax(dim=-1)
  )
) 
 
 CriticNetwork(
  (critic): Sequential(
    (0): Linear(in_features=7, out_features=256, bias=True)
    (1): ReLU()
    (2): Linear(in_features=256, out_features=256, bias=True)
    (3): ReLU()
    (4): Linear(in_features=256, out_features=1, bias=True)
  )
) 

episode: 1/2, episode end value: 63.46, duration: 0:00:06.123478
episode: 2/2, episode end value: 81.90, duration: 0:00:01.247701
... saving models ...
-------------------------------------------------------  ------------  ------------  ------------  ------------  ------------  ------------  ------------  ------------  ------------  ------------  ------------  ------------  ------------  ------------  
                                                   Name    Self CPU %      Self CPU   CPU total %     CPU total  CPU time avg     Self CUDA   Self CUDA %    CUDA total  CUDA time avg       CPU Mem  Self CPU Mem      CUDA Mem  Self CUDA Mem    # of Calls  
-------------------------------------------------------  ------------  ------------  ------------  ------------  ------------  ------------  ------------  ------------  ------------  ------------  ------------  ------------  ------------  ------------  
                                               aten::to         0.08%      13.960ms        64.56%       11.499s     986.827us       0.000us         0.00%       4.581ms       0.393us     176.66 Kb      13.18 Kb       2.03 Mb     152.50 Kb         11653  
                                         aten::_to_copy         0.13%      23.401ms        64.53%       11.493s       1.917ms       0.000us         0.00%       4.967ms       0.828us     176.66 Kb      12.73 Kb       2.06 Mb      -9.00 Kb          5996  
                                            aten::copy_         0.68%     120.251ms        63.12%       11.242s       1.301ms       8.998ms         3.82%      11.478ms       1.328us      21.93 Kb      21.93 Kb           0 b           0 b          8644  
                                        cudaMemcpyAsync        62.90%       11.204s        62.90%       11.204s     874.203us       4.036ms         1.71%       4.036ms       0.315us           0 b           0 b           0 b           0 b         12816  
                                           aten::linear         0.35%      62.275ms        19.63%        3.497s     422.333us       0.000us         0.00%      48.701ms       5.882us           0 b           0 b      16.25 Mb     149.50 Kb          8280  
                                            aten::addmm         2.74%     488.016ms        18.94%        3.373s     407.393us      42.317ms        17.97%      49.907ms       6.027us           0 b           0 b      16.25 Mb      -6.72 Gb          8280  
                                               cudaFree        15.47%        2.755s        15.47%        2.755s     918.229ms       0.000us         0.00%       0.000us       0.000us           0 b           0 b           0 b           0 b             3  
                                       cudaLaunchKernel         2.17%     386.088ms         2.17%     386.088ms       5.422us      21.833ms         9.27%      21.833ms       0.307us     -27.55 Kb     -27.55 Kb      87.50 Kb      87.50 Kb         71208  
                               Optimizer.step#Adam.step         0.87%     154.658ms         2.09%     372.852ms       1.503ms       0.000us         0.00%      33.338ms     134.427us        -944 b     -37.27 Kb       1.09 Mb    -135.38 Mb           248  
                                    aten::empty_strided         0.15%      27.160ms         1.52%     270.577ms      44.039us       0.000us         0.00%       0.000us       0.000us     142.00 Kb     142.00 Kb       3.22 Mb       3.22 Mb          6144  
-------------------------------------------------------  ------------  ------------  ------------  ------------  ------------  ------------  ------------  ------------  ------------  ------------  ------------  ------------  ------------  ------------  
Self CPU time total: 17.811s
Self CUDA time total: 235.505ms

STAGE:2024-01-28 12:48:24 2415579:2415579 ActivityProfilerController.cpp:294] Completed Stage: Warm Up
STAGE:2024-01-28 12:48:28 2415579:2415579 ActivityProfilerController.cpp:300] Completed Stage: Collection
ActorNetwork(
  (actor): Sequential(
    (0): Linear(in_features=7, out_features=256, bias=True)
    (1): ReLU()
    (2): Linear(in_features=256, out_features=256, bias=True)
    (3): ReLU()
    (4): Linear(in_features=256, out_features=27, bias=True)
    (5): Softmax(dim=-1)
  )
) 
 
 CriticNetwork(
  (critic): Sequential(
    (0): Linear(in_features=7, out_features=256, bias=True)
    (1): ReLU()
    (2): Linear(in_features=256, out_features=256, bias=True)
    (3): ReLU()
    (4): Linear(in_features=256, out_features=1, bias=True)
  )
) 

... loading models ...
episode: 1/2, episode end value: 149.73, duration: 0:00:01.472729
episode: 2/2, episode end value: 145.71, duration: 0:00:00.889180
-------------------------------------------------------  ------------  ------------  ------------  ------------  ------------  ------------  ------------  ------------  ------------  ------------  ------------  ------------  ------------  ------------  
                                                   Name    Self CPU %      Self CPU   CPU total %     CPU total  CPU time avg     Self CUDA   Self CUDA %    CUDA total  CUDA time avg       CPU Mem  Self CPU Mem      CUDA Mem  Self CUDA Mem    # of Calls  
-------------------------------------------------------  ------------  ------------  ------------  ------------  ------------  ------------  ------------  ------------  ------------  ------------  ------------  ------------  ------------  ------------  
                                               aten::to         0.22%       7.495ms        48.43%        1.629s     215.109us       0.000us         0.00%       1.689ms       0.223us      34.40 Kb         588 b       1.16 Mb     377.00 Kb          7573  
                                         aten::_to_copy         0.31%      10.553ms        48.36%        1.627s     640.395us       0.000us         0.00%       1.956ms       0.770us      34.40 Kb       8.34 Kb       1.16 Mb           0 b          2540  
                                        cudaMemcpyAsync        47.03%        1.582s        47.03%        1.582s     139.270us       3.036ms         2.21%       3.036ms       0.267us           0 b           0 b           0 b           0 b         11358  
                                            aten::copy_         0.69%      23.149ms        45.26%        1.522s     299.681us       6.532ms         4.76%       7.920ms       1.559us           0 b           0 b           0 b           0 b          5080  
                                           aten::linear         0.79%      26.505ms        27.44%     922.791ms     122.256us       0.000us         0.00%      40.213ms       5.328us           0 b           0 b       6.14 Mb     135.00 Kb          7548  
                                            aten::addmm         5.34%     179.741ms        25.59%     860.730ms     114.034us      35.448ms        25.85%      41.483ms       5.496us           0 b           0 b       6.14 Mb      -6.14 Gb          7548  
                                               cudaFree        17.27%     580.739ms        17.27%     580.739ms     290.370ms       0.000us         0.00%       0.000us       0.000us           0 b           0 b           0 b           0 b             2  
                                       cudaLaunchKernel         6.44%     216.528ms         6.44%     216.528ms       5.216us      11.085ms         8.08%      11.085ms       0.267us         -32 b         -32 b           0 b           0 b         41514  
                                    aten::empty_strided         0.39%      13.081ms         3.90%     131.257ms      51.676us       0.000us         0.00%       0.000us       0.000us      26.06 Kb      26.06 Kb       1.16 Mb       1.16 Mb          2540  
                                  cudaStreamIsCapturing         3.53%     118.630ms         3.53%     118.630ms      94.226us     331.000us         0.24%     331.000us       0.263us           0 b           0 b           0 b           0 b          1259  
-------------------------------------------------------  ------------  ------------  ------------  ------------  ------------  ------------  ------------  ------------  ------------  ------------  ------------  ------------  ------------  ------------  
Self CPU time total: 3.363s
Self CUDA time total: 137.141ms

